CRITICAL - 2023-12-09 23:32:13 --> Access level to App\Controllers\Home::$response must be protected (as in class CodeIgniter\Controller) or weaker
in APPPATH\Controllers\Home.php on line 5.
 1 [internal function]: CodeIgniter\Debug\Exceptions->shutdownHandler()
CRITICAL - 2023-12-09 23:33:09 --> Access level to App\Controllers\Home::$response must be protected (as in class CodeIgniter\Controller) or weaker
in APPPATH\Controllers\Home.php on line 5.
 1 [internal function]: CodeIgniter\Debug\Exceptions->shutdownHandler()
CRITICAL - 2023-12-09 23:33:12 --> Access level to App\Controllers\Home::$response must be protected (as in class CodeIgniter\Controller) or weaker
in APPPATH\Controllers\Home.php on line 5.
 1 [internal function]: CodeIgniter\Debug\Exceptions->shutdownHandler()
CRITICAL - 2023-12-09 23:34:05 --> Access level to App\Controllers\Home::$response must be protected (as in class CodeIgniter\Controller) or weaker
in APPPATH\Controllers\Home.php on line 5.
 1 [internal function]: CodeIgniter\Debug\Exceptions->shutdownHandler()
CRITICAL - 2023-12-09 23:43:44 --> syntax error, unexpected token "echo", expecting ";"
in APPPATH\Controllers\Home.php on line 77.
 1 SYSTEMPATH\Autoloader\Autoloader.php(291): CodeIgniter\Autoloader\Autoloader->includeFile('C:\\xampp\\htdocs\\Frangie\\Api-Rest-En-Casos-De-La-Vida-Real\\app\\Controllers\\Home.php')
 2 SYSTEMPATH\Autoloader\Autoloader.php(269): CodeIgniter\Autoloader\Autoloader->loadInNamespace('App\\Controllers\\Home')
 3 [internal function]: CodeIgniter\Autoloader\Autoloader->loadClass('App\\Controllers\\Home')
 4 SYSTEMPATH\CodeIgniter.php(900): class_exists('\\App\\Controllers\\Home', true)
 5 SYSTEMPATH\CodeIgniter.php(489): CodeIgniter\CodeIgniter->startController()
 6 SYSTEMPATH\CodeIgniter.php(361): CodeIgniter\CodeIgniter->handleRequest(null, Object(Config\Cache), false)
 7 FCPATH\index.php(79): CodeIgniter\CodeIgniter->run()
CRITICAL - 2023-12-09 23:44:07 --> Cannot redeclare App\Controllers\Home::agregarProductoAlCarrito()
in APPPATH\Controllers\Home.php on line 59.
 1 [internal function]: CodeIgniter\Debug\Exceptions->shutdownHandler()
